2017-08-14 10:35:23.060 [main] INFO com.xlibao.common.http.HttpUtils.postStr(HttpUtils.java:130) - Post 耗时11544ms URL ------> http://127.0.0.1:8081/item/saveItemUnit, params------>{"id":1,"title":"title","status":1}, response ------> <!DOCTYPE html><html><head><title>Apache Tomcat/8.0.33 - Error report</title><style type="text/css">H1 {font-family:Tahoma,Arial,sans-serif;color:white;background-color:#525D76;font-size:22px;} H2 {font-family:Tahoma,Arial,sans-serif;color:white;background-color:#525D76;font-size:16px;} H3 {font-family:Tahoma,Arial,sans-serif;color:white;background-color:#525D76;font-size:14px;} BODY {font-family:Tahoma,Arial,sans-serif;color:black;background-color:white;} B {font-family:Tahoma,Arial,sans-serif;color:white;background-color:#525D76;} P {font-family:Tahoma,Arial,sans-serif;background:white;color:black;font-size:12px;}A {color : black;}A.name {color : black;}.line {height: 1px; background-color: #525D76; border: none;}</style> </head><body><h1>HTTP Status 500 - Request processing failed; nested exception is com.xlibao.common.exception.XlibaoIllegalArgumentException: 非法参数：title不能为null</h1><div class="line"></div><p><b>type</b> Exception report</p><p><b>message</b> <u>Request processing failed; nested exception is com.xlibao.common.exception.XlibaoIllegalArgumentException: 非法参数：title不能为null</u></p><p><b>description</b> <u>The server encountered an internal error that prevented it from fulfilling this request.</u></p><p><b>exception</b></p><pre>org.springframework.web.util.NestedServletException: Request processing failed; nested exception is com.xlibao.common.exception.XlibaoIllegalArgumentException: 非法参数：title不能为null
	org.springframework.web.servlet.FrameworkServlet.processRequest(FrameworkServlet.java:978)
	org.springframework.web.servlet.FrameworkServlet.doPost(FrameworkServlet.java:868)
	javax.servlet.http.HttpServlet.service(HttpServlet.java:648)
	org.springframework.web.servlet.FrameworkServlet.service(FrameworkServlet.java:842)
	javax.servlet.http.HttpServlet.service(HttpServlet.java:729)
	org.apache.tomcat.websocket.server.WsFilter.doFilter(WsFilter.java:52)
	org.springframework.web.filter.CharacterEncodingFilter.doFilterInternal(CharacterEncodingFilter.java:88)
	org.springframework.web.filter.OncePerRequestFilter.doFilter(OncePerRequestFilter.java:107)
	com.xlibao.common.servlet.XlibaoFilterChain.doFilter(XlibaoFilterChain.java:34)
</pre><p><b>root cause</b></p><pre>com.xlibao.common.exception.XlibaoIllegalArgumentException: 非法参数：title不能为null
	com.xlibao.common.BasicWebService.getUTF(BasicWebService.java:244)
	com.xlibao.item.service.item.impl.ItemServiceImpl.saveItemUnit(ItemServiceImpl.java:211)
	com.xlibao.item.service.item.impl.ItemServiceImpl$$FastClassBySpringCGLIB$$fac42b01.invoke(&lt;generated&gt;)
	org.springframework.cglib.proxy.MethodProxy.invoke(MethodProxy.java:204)
	org.springframework.aop.framework.CglibAopProxy$CglibMethodInvocation.invokeJoinpoint(CglibAopProxy.java:717)
	org.springframework.aop.framework.ReflectiveMethodInvocation.proceed(ReflectiveMethodInvocation.java:157)
	org.springframework.transaction.interceptor.TransactionInterceptor$1.proceedWithInvocation(TransactionInterceptor.java:99)
	org.springframework.transaction.interceptor.TransactionAspectSupport.invokeWithinTransaction(TransactionAspectSupport.java:267)
	org.springframework.transaction.interceptor.TransactionInterceptor.invoke(TransactionInterceptor.java:96)
	org.springframework.aop.framework.ReflectiveMethodInvocation.proceed(ReflectiveMethodInvocation.java:179)
	org.springframework.aop.framework.CglibAopProxy$DynamicAdvisedInterceptor.intercept(CglibAopProxy.java:653)
	com.xlibao.item.service.item.impl.ItemServiceImpl$$EnhancerBySpringCGLIB$$61075b17.saveItemUnit(&lt;generated&gt;)
	com.xlibao.item.controller.ItemController.saveItemUnit(ItemController.java:122)
	sun.reflect.NativeMethodAccessorImpl.invoke0(Native Method)
	sun.reflect.NativeMethodAccessorImpl.invoke(NativeMethodAccessorImpl.java:62)
	sun.reflect.DelegatingMethodAccessorImpl.invoke(DelegatingMethodAccessorImpl.java:43)
	java.lang.reflect.Method.invoke(Method.java:498)
	org.springframework.web.method.support.InvocableHandlerMethod.invoke(InvocableHandlerMethod.java:215)
	org.springframework.web.method.support.InvocableHandlerMethod.invokeForRequest(InvocableHandlerMethod.java:132)
	org.springframework.web.servlet.mvc.method.annotation.ServletInvocableHandlerMethod.invokeAndHandle(ServletInvocableHandlerMethod.java:110)
	org.springframework.web.servlet.mvc.method.annotation.RequestMappingHandlerAdapter.invokeHandleMethod(RequestMappingHandlerAdapter.java:781)
	org.springframework.web.servlet.mvc.method.annotation.RequestMappingHandlerAdapter.handleInternal(RequestMappingHandlerAdapter.java:721)
	org.springframework.web.servlet.mvc.method.AbstractHandlerMethodAdapter.handle(AbstractHandlerMethodAdapter.java:83)
	org.springframework.web.servlet.DispatcherServlet.doDispatch(DispatcherServlet.java:943)
	org.springframework.web.servlet.DispatcherServlet.doService(DispatcherServlet.java:877)
	org.springframework.web.servlet.FrameworkServlet.processRequest(FrameworkServlet.java:966)
	org.springframework.web.servlet.FrameworkServlet.doPost(FrameworkServlet.java:868)
	javax.servlet.http.HttpServlet.service(HttpServlet.java:648)
	org.springframework.web.servlet.FrameworkServlet.service(FrameworkServlet.java:842)
	javax.servlet.http.HttpServlet.service(HttpServlet.java:729)
	org.apache.tomcat.websocket.server.WsFilter.doFilter(WsFilter.java:52)
	org.springframework.web.filter.CharacterEncodingFilter.doFilterInternal(CharacterEncodingFilter.java:88)
	org.springframework.web.filter.OncePerRequestFilter.doFilter(OncePerRequestFilter.java:107)
	com.xlibao.common.servlet.XlibaoFilterChain.doFilter(XlibaoFilterChain.java:34)
</pre><p><b>note</b> <u>The full stack trace of the root cause is available in the Apache Tomcat/8.0.33 logs.</u></p><hr class="line"><h3>Apache Tomcat/8.0.33</h3></body></html>
2017-08-14 10:35:23.116 [main] WARN com.xlibao.common.http.HttpUtils.post(HttpUtils.java:111) - 错误请求 URL: http://127.0.0.1:8081/item/saveItemUnit, params: {"id":1,"title":"title","status":1}
com.alibaba.fastjson.JSONException: syntax error, expect {, actual error
	at com.alibaba.fastjson.parser.DefaultJSONParser.parseObject(DefaultJSONParser.java:200)
	at com.alibaba.fastjson.parser.DefaultJSONParser.parseObject(DefaultJSONParser.java:990)
	at com.alibaba.fastjson.parser.DefaultJSONParser.parseObject(DefaultJSONParser.java:995)
	at com.alibaba.fastjson.parser.deserializer.JSONObjectDeserializer.deserialze(JSONObjectDeserializer.java:13)
	at com.alibaba.fastjson.parser.DefaultJSONParser.parseObject(DefaultJSONParser.java:551)
	at com.alibaba.fastjson.JSON.parseObject(JSON.java:250)
	at com.alibaba.fastjson.JSON.parseObject(JSON.java:226)
	at com.alibaba.fastjson.JSON.parseObject(JSON.java:185)
	at com.alibaba.fastjson.JSON.parseObject(JSON.java:303)
	at com.xlibao.common.http.HttpUtils.post(HttpUtils.java:109)
	at com.xlibao.common.http.HttpUtils.post(HttpUtils.java:94)
	at com.xlibao.saas.market.manager.controller.Temp.main(Temp.java:15)
2017-08-14 10:35:58.742 [main] WARN com.xlibao.common.http.HttpUtils.postStr(HttpUtils.java:133) - 错误请求 URL: http://127.0.0.1:8081/item/saveItemUnit, params: {"id":1,"title":"title","status":1}
java.net.ConnectException: Failed to connect to /127.0.0.1:8081
	at okhttp3.internal.io.RealConnection.connectSocket(RealConnection.java:139)
	at okhttp3.internal.io.RealConnection.connect(RealConnection.java:108)
	at okhttp3.internal.http.StreamAllocation.findConnection(StreamAllocation.java:188)
	at okhttp3.internal.http.StreamAllocation.findHealthyConnection(StreamAllocation.java:127)
	at okhttp3.internal.http.StreamAllocation.newStream(StreamAllocation.java:97)
	at okhttp3.internal.http.HttpEngine.connect(HttpEngine.java:289)
	at okhttp3.internal.http.HttpEngine.sendRequest(HttpEngine.java:241)
	at okhttp3.RealCall.getResponse(RealCall.java:240)
	at okhttp3.RealCall$ApplicationInterceptorChain.proceed(RealCall.java:198)
	at okhttp3.RealCall.getResponseWithInterceptorChain(RealCall.java:160)
	at okhttp3.RealCall.execute(RealCall.java:57)
	at com.xlibao.common.http.HttpUtils.postStr(HttpUtils.java:128)
	at com.xlibao.common.http.HttpUtils.post(HttpUtils.java:107)
	at com.xlibao.common.http.HttpUtils.post(HttpUtils.java:94)
	at com.xlibao.saas.market.manager.controller.Temp.main(Temp.java:15)
	at sun.reflect.NativeMethodAccessorImpl.invoke0(Native Method)
	at sun.reflect.NativeMethodAccessorImpl.invoke(NativeMethodAccessorImpl.java:62)
	at sun.reflect.DelegatingMethodAccessorImpl.invoke(DelegatingMethodAccessorImpl.java:43)
	at java.lang.reflect.Method.invoke(Method.java:498)
	at com.intellij.rt.execution.application.AppMain.main(AppMain.java:144)
2017-08-14 10:37:19.731 [main] INFO com.xlibao.common.http.HttpUtils.postStr(HttpUtils.java:130) - Post 耗时10071ms URL ------> http://127.0.0.1:8081/item/saveItemUnit, params------>{"id":1,"title":"title","status":1}, response ------> <!DOCTYPE html><html><head><title>Apache Tomcat/8.0.33 - Error report</title><style type="text/css">H1 {font-family:Tahoma,Arial,sans-serif;color:white;background-color:#525D76;font-size:22px;} H2 {font-family:Tahoma,Arial,sans-serif;color:white;background-color:#525D76;font-size:16px;} H3 {font-family:Tahoma,Arial,sans-serif;color:white;background-color:#525D76;font-size:14px;} BODY {font-family:Tahoma,Arial,sans-serif;color:black;background-color:white;} B {font-family:Tahoma,Arial,sans-serif;color:white;background-color:#525D76;} P {font-family:Tahoma,Arial,sans-serif;background:white;color:black;font-size:12px;}A {color : black;}A.name {color : black;}.line {height: 1px; background-color: #525D76; border: none;}</style> </head><body><h1>HTTP Status 500 - Request processing failed; nested exception is com.xlibao.common.exception.XlibaoIllegalArgumentException: 非法参数：title不能为null</h1><div class="line"></div><p><b>type</b> Exception report</p><p><b>message</b> <u>Request processing failed; nested exception is com.xlibao.common.exception.XlibaoIllegalArgumentException: 非法参数：title不能为null</u></p><p><b>description</b> <u>The server encountered an internal error that prevented it from fulfilling this request.</u></p><p><b>exception</b></p><pre>org.springframework.web.util.NestedServletException: Request processing failed; nested exception is com.xlibao.common.exception.XlibaoIllegalArgumentException: 非法参数：title不能为null
	org.springframework.web.servlet.FrameworkServlet.processRequest(FrameworkServlet.java:978)
	org.springframework.web.servlet.FrameworkServlet.doPost(FrameworkServlet.java:868)
	javax.servlet.http.HttpServlet.service(HttpServlet.java:648)
	org.springframework.web.servlet.FrameworkServlet.service(FrameworkServlet.java:842)
	javax.servlet.http.HttpServlet.service(HttpServlet.java:729)
	org.apache.tomcat.websocket.server.WsFilter.doFilter(WsFilter.java:52)
	org.springframework.web.filter.CharacterEncodingFilter.doFilterInternal(CharacterEncodingFilter.java:88)
	org.springframework.web.filter.OncePerRequestFilter.doFilter(OncePerRequestFilter.java:107)
	com.xlibao.common.servlet.XlibaoFilterChain.doFilter(XlibaoFilterChain.java:34)
</pre><p><b>root cause</b></p><pre>com.xlibao.common.exception.XlibaoIllegalArgumentException: 非法参数：title不能为null
	com.xlibao.common.BasicWebService.getUTF(BasicWebService.java:244)
	com.xlibao.item.service.item.impl.ItemServiceImpl.saveItemUnit(ItemServiceImpl.java:211)
	com.xlibao.item.service.item.impl.ItemServiceImpl$$FastClassBySpringCGLIB$$fac42b01.invoke(&lt;generated&gt;)
	org.springframework.cglib.proxy.MethodProxy.invoke(MethodProxy.java:204)
	org.springframework.aop.framework.CglibAopProxy$CglibMethodInvocation.invokeJoinpoint(CglibAopProxy.java:717)
	org.springframework.aop.framework.ReflectiveMethodInvocation.proceed(ReflectiveMethodInvocation.java:157)
	org.springframework.transaction.interceptor.TransactionInterceptor$1.proceedWithInvocation(TransactionInterceptor.java:99)
	org.springframework.transaction.interceptor.TransactionAspectSupport.invokeWithinTransaction(TransactionAspectSupport.java:267)
	org.springframework.transaction.interceptor.TransactionInterceptor.invoke(TransactionInterceptor.java:96)
	org.springframework.aop.framework.ReflectiveMethodInvocation.proceed(ReflectiveMethodInvocation.java:179)
	org.springframework.aop.framework.CglibAopProxy$DynamicAdvisedInterceptor.intercept(CglibAopProxy.java:653)
	com.xlibao.item.service.item.impl.ItemServiceImpl$$EnhancerBySpringCGLIB$$caaeb860.saveItemUnit(&lt;generated&gt;)
	com.xlibao.item.controller.ItemController.saveItemUnit(ItemController.java:122)
	sun.reflect.NativeMethodAccessorImpl.invoke0(Native Method)
	sun.reflect.NativeMethodAccessorImpl.invoke(NativeMethodAccessorImpl.java:62)
	sun.reflect.DelegatingMethodAccessorImpl.invoke(DelegatingMethodAccessorImpl.java:43)
	java.lang.reflect.Method.invoke(Method.java:498)
	org.springframework.web.method.support.InvocableHandlerMethod.invoke(InvocableHandlerMethod.java:215)
	org.springframework.web.method.support.InvocableHandlerMethod.invokeForRequest(InvocableHandlerMethod.java:132)
	org.springframework.web.servlet.mvc.method.annotation.ServletInvocableHandlerMethod.invokeAndHandle(ServletInvocableHandlerMethod.java:110)
	org.springframework.web.servlet.mvc.method.annotation.RequestMappingHandlerAdapter.invokeHandleMethod(RequestMappingHandlerAdapter.java:781)
	org.springframework.web.servlet.mvc.method.annotation.RequestMappingHandlerAdapter.handleInternal(RequestMappingHandlerAdapter.java:721)
	org.springframework.web.servlet.mvc.method.AbstractHandlerMethodAdapter.handle(AbstractHandlerMethodAdapter.java:83)
	org.springframework.web.servlet.DispatcherServlet.doDispatch(DispatcherServlet.java:943)
	org.springframework.web.servlet.DispatcherServlet.doService(DispatcherServlet.java:877)
	org.springframework.web.servlet.FrameworkServlet.processRequest(FrameworkServlet.java:966)
	org.springframework.web.servlet.FrameworkServlet.doPost(FrameworkServlet.java:868)
	javax.servlet.http.HttpServlet.service(HttpServlet.java:648)
	org.springframework.web.servlet.FrameworkServlet.service(FrameworkServlet.java:842)
	javax.servlet.http.HttpServlet.service(HttpServlet.java:729)
	org.apache.tomcat.websocket.server.WsFilter.doFilter(WsFilter.java:52)
	org.springframework.web.filter.CharacterEncodingFilter.doFilterInternal(CharacterEncodingFilter.java:88)
	org.springframework.web.filter.OncePerRequestFilter.doFilter(OncePerRequestFilter.java:107)
	com.xlibao.common.servlet.XlibaoFilterChain.doFilter(XlibaoFilterChain.java:34)
</pre><p><b>note</b> <u>The full stack trace of the root cause is available in the Apache Tomcat/8.0.33 logs.</u></p><hr class="line"><h3>Apache Tomcat/8.0.33</h3></body></html>
2017-08-14 10:37:19.769 [main] WARN com.xlibao.common.http.HttpUtils.post(HttpUtils.java:111) - 错误请求 URL: http://127.0.0.1:8081/item/saveItemUnit, params: {"id":1,"title":"title","status":1}
com.alibaba.fastjson.JSONException: syntax error, expect {, actual error
	at com.alibaba.fastjson.parser.DefaultJSONParser.parseObject(DefaultJSONParser.java:200)
	at com.alibaba.fastjson.parser.DefaultJSONParser.parseObject(DefaultJSONParser.java:990)
	at com.alibaba.fastjson.parser.DefaultJSONParser.parseObject(DefaultJSONParser.java:995)
	at com.alibaba.fastjson.parser.deserializer.JSONObjectDeserializer.deserialze(JSONObjectDeserializer.java:13)
	at com.alibaba.fastjson.parser.DefaultJSONParser.parseObject(DefaultJSONParser.java:551)
	at com.alibaba.fastjson.JSON.parseObject(JSON.java:250)
	at com.alibaba.fastjson.JSON.parseObject(JSON.java:226)
	at com.alibaba.fastjson.JSON.parseObject(JSON.java:185)
	at com.alibaba.fastjson.JSON.parseObject(JSON.java:303)
	at com.xlibao.common.http.HttpUtils.post(HttpUtils.java:109)
	at com.xlibao.common.http.HttpUtils.post(HttpUtils.java:94)
	at com.xlibao.saas.market.manager.controller.Temp.main(Temp.java:16)
